This is pdfTeX, Version 3.1415926-2.5-1.40.14 (MiKTeX 2.9) (preloaded format=pdflatex 2015.10.15)  4 NOV 2015 15:09
entering extended mode
**negbin.tex
("R:\Projecten\V092112 Trichinella\AAA - model\Model\Swine infection\negbin\negbin.tex"
LaTeX2e <2011/06/27>
Babel <v3.8m> and hyphenation patterns for english, afrikaans, ancientgreek, arabic, armenian, assamese, basque, bengali
, bokmal, bulgarian, catalan, coptic, croatian, czech, danish, dutch, esperanto, estonian, farsi, finnish, french, galic
ian, german, german-x-2013-05-26, greek, gujarati, hindi, hungarian, icelandic, indonesian, interlingua, irish, italian,
 kannada, kurmanji, latin, latvian, lithuanian, malayalam, marathi, mongolian, mongolianlmc, monogreek, ngerman, ngerman
-x-2013-05-26, nynorsk, oriya, panjabi, pinyin, polish, portuguese, romanian, russian, sanskrit, serbian, slovak, sloven
ian, spanish, swedish, swissgerman, tamil, telugu, turkish, turkmen, ukenglish, ukrainian, uppersorbian, usenglishmax, w
elsh, loaded.

(C:\ProgramData\App-V\3ABFA98E-0A44-4BE5-80EC-EBCD1785C60E\A8978C77-5642-4887-8FCA-48BE31D1EAE1\root\MiKTeX\tex/latex\ba
se\article.cls
Document Class: article 2007/10/19 v1.4h Standard LaTeX document class

(C:\ProgramData\App-V\3ABFA98E-0A44-4BE5-80EC-EBCD1785C60E\A8978C77-5642-4887-8FCA-48BE31D1EAE1\root\MiKTeX\tex/latex\ba
se\size10.clo
File: size10.clo 2007/10/19 v1.4h Standard LaTeX file (size option)
)
\c@part=\count79
\c@section=\count80
\c@subsection=\count81
\c@subsubsection=\count82
\c@paragraph=\count83
\c@subparagraph=\count84
\c@figure=\count85
\c@table=\count86
\abovecaptionskip=\skip41
\belowcaptionskip=\skip42
\bibindent=\dimen102
)
(C:\ProgramData\App-V\3ABFA98E-0A44-4BE5-80EC-EBCD1785C60E\A8978C77-5642-4887-8FCA-48BE31D1EAE1\root\MiKTeX\tex/latex\am
smath\amsmath.sty
Package: amsmath 2013/01/14 v2.14 AMS math features
\@mathmargin=\skip43

For additional information on amsmath, use the `?' option.

(C:\ProgramData\App-V\3ABFA98E-0A44-4BE5-80EC-EBCD1785C60E\A8978C77-5642-4887-8FCA-48BE31D1EAE1\root\MiKTeX\tex/latex\am
smath\amstext.sty
Package: amstext 2000/06/29 v2.01

(C:\ProgramData\App-V\3ABFA98E-0A44-4BE5-80EC-EBCD1785C60E\A8978C77-5642-4887-8FCA-48BE31D1EAE1\root\MiKTeX\tex/latex\am
smath\amsgen.sty
File: amsgen.sty 1999/11/30 v2.0
\@emptytoks=\toks14
\ex@=\dimen103
))
(C:\ProgramData\App-V\3ABFA98E-0A44-4BE5-80EC-EBCD1785C60E\A8978C77-5642-4887-8FCA-48BE31D1EAE1\root\MiKTeX\tex/latex\am
smath\amsbsy.sty
Package: amsbsy 1999/11/29 v1.2d
\pmbraise@=\dimen104
)
(C:\ProgramData\App-V\3ABFA98E-0A44-4BE5-80EC-EBCD1785C60E\A8978C77-5642-4887-8FCA-48BE31D1EAE1\root\MiKTeX\tex/latex\am
smath\amsopn.sty
Package: amsopn 1999/12/14 v2.01 operator names
)
\inf@bad=\count87
LaTeX Info: Redefining \frac on input line 210.
\uproot@=\count88
\leftroot@=\count89
LaTeX Info: Redefining \overline on input line 306.
\classnum@=\count90
\DOTSCASE@=\count91
LaTeX Info: Redefining \ldots on input line 378.
LaTeX Info: Redefining \dots on input line 381.
LaTeX Info: Redefining \cdots on input line 466.
\Mathstrutbox@=\box26
\strutbox@=\box27
\big@size=\dimen105
LaTeX Font Info:    Redeclaring font encoding OML on input line 566.
LaTeX Font Info:    Redeclaring font encoding OMS on input line 567.
\macc@depth=\count92
\c@MaxMatrixCols=\count93
\dotsspace@=\muskip10
\c@parentequation=\count94
\dspbrk@lvl=\count95
\tag@help=\toks15
\row@=\count96
\column@=\count97
\maxfields@=\count98
\andhelp@=\toks16
\eqnshift@=\dimen106
\alignsep@=\dimen107
\tagshift@=\dimen108
\tagwidth@=\dimen109
\totwidth@=\dimen110
\lineht@=\dimen111
\@envbody=\toks17
\multlinegap=\skip44
\multlinetaggap=\skip45
\mathdisplay@stack=\toks18
LaTeX Info: Redefining \[ on input line 2665.
LaTeX Info: Redefining \] on input line 2666.
)
(C:\ProgramData\App-V\3ABFA98E-0A44-4BE5-80EC-EBCD1785C60E\A8978C77-5642-4887-8FCA-48BE31D1EAE1\root\MiKTeX\tex/latex\am
sfonts\amsfonts.sty
Package: amsfonts 2013/01/14 v3.01 Basic AMSFonts support
\symAMSa=\mathgroup4
\symAMSb=\mathgroup5
LaTeX Font Info:    Overwriting math alphabet `\mathfrak' in version `bold'
(Font)                  U/euf/m/n --> U/euf/b/n on input line 106.
)
(C:\ProgramData\App-V\3ABFA98E-0A44-4BE5-80EC-EBCD1785C60E\A8978C77-5642-4887-8FCA-48BE31D1EAE1\root\MiKTeX\tex/latex\am
sfonts\amssymb.sty
Package: amssymb 2013/01/14 v3.01 AMS font symbols
)
(C:\ProgramData\App-V\3ABFA98E-0A44-4BE5-80EC-EBCD1785C60E\A8978C77-5642-4887-8FCA-48BE31D1EAE1\root\MiKTeX\tex/latex\gr
aphics\graphicx.sty
Package: graphicx 1999/02/16 v1.0f Enhanced LaTeX Graphics (DPC,SPQR)

(C:\ProgramData\App-V\3ABFA98E-0A44-4BE5-80EC-EBCD1785C60E\A8978C77-5642-4887-8FCA-48BE31D1EAE1\root\MiKTeX\tex/latex\gr
aphics\keyval.sty
Package: keyval 1999/03/16 v1.13 key=value parser (DPC)
\KV@toks@=\toks19
)
(C:\ProgramData\App-V\3ABFA98E-0A44-4BE5-80EC-EBCD1785C60E\A8978C77-5642-4887-8FCA-48BE31D1EAE1\root\MiKTeX\tex/latex\gr
aphics\graphics.sty
Package: graphics 2009/02/05 v1.0o Standard LaTeX Graphics (DPC,SPQR)

(C:\ProgramData\App-V\3ABFA98E-0A44-4BE5-80EC-EBCD1785C60E\A8978C77-5642-4887-8FCA-48BE31D1EAE1\root\MiKTeX\tex/latex\gr
aphics\trig.sty
Package: trig 1999/03/16 v1.09 sin cos tan (DPC)
)
(C:\ProgramData\App-V\3ABFA98E-0A44-4BE5-80EC-EBCD1785C60E\A8978C77-5642-4887-8FCA-48BE31D1EAE1\root\MiKTeX\tex/latex\00
miktex\graphics.cfg
File: graphics.cfg 2007/01/18 v1.5 graphics configuration of teTeX/TeXLive
)
Package graphics Info: Driver file: pdftex.def on input line 91.

(C:\ProgramData\App-V\3ABFA98E-0A44-4BE5-80EC-EBCD1785C60E\A8978C77-5642-4887-8FCA-48BE31D1EAE1\root\MiKTeX\tex/latex\pd
ftex-def\pdftex.def
File: pdftex.def 2011/05/27 v0.06d Graphics/color for pdfTeX

(C:\ProgramData\App-V\3ABFA98E-0A44-4BE5-80EC-EBCD1785C60E\A8978C77-5642-4887-8FCA-48BE31D1EAE1\root\MiKTeX\tex/generic\
oberdiek\infwarerr.sty
Package: infwarerr 2010/04/08 v1.3 Providing info/warning/error messages (HO)
)
(C:\ProgramData\App-V\3ABFA98E-0A44-4BE5-80EC-EBCD1785C60E\A8978C77-5642-4887-8FCA-48BE31D1EAE1\root\MiKTeX\tex/generic\
oberdiek\ltxcmds.sty
Package: ltxcmds 2011/11/09 v1.22 LaTeX kernel commands for general use (HO)
)
\Gread@gobject=\count99
))
\Gin@req@height=\dimen112
\Gin@req@width=\dimen113
) ("R:\Projecten\V092112 Trichinella\AAA - model\Model\Swine infection\negbin\negbin.aux")
LaTeX Font Info:    Checking defaults for OML/cmm/m/it on input line 8.
LaTeX Font Info:    ... okay on input line 8.
LaTeX Font Info:    Checking defaults for T1/cmr/m/n on input line 8.
LaTeX Font Info:    ... okay on input line 8.
LaTeX Font Info:    Checking defaults for OT1/cmr/m/n on input line 8.
LaTeX Font Info:    ... okay on input line 8.
LaTeX Font Info:    Checking defaults for OMS/cmsy/m/n on input line 8.
LaTeX Font Info:    ... okay on input line 8.
LaTeX Font Info:    Checking defaults for OMX/cmex/m/n on input line 8.
LaTeX Font Info:    ... okay on input line 8.
LaTeX Font Info:    Checking defaults for U/cmr/m/n on input line 8.
LaTeX Font Info:    ... okay on input line 8.

(N:\data\MiKTeX\install\tex\context\base\supp-pdf.mkii
[Loading MPS to PDF converter (version 2006.09.02).]
\scratchcounter=\count100
\scratchdimen=\dimen114
\scratchbox=\box28
\nofMPsegments=\count101
\nofMParguments=\count102
\everyMPshowfont=\toks20
\MPscratchCnt=\count103
\MPscratchDim=\dimen115
\MPnumerator=\count104
\makeMPintoPDFobject=\count105
\everyMPtoPDFconversion=\toks21
)
LaTeX Font Info:    Try loading font information for U+msa on input line 11.

(C:\ProgramData\App-V\3ABFA98E-0A44-4BE5-80EC-EBCD1785C60E\A8978C77-5642-4887-8FCA-48BE31D1EAE1\root\MiKTeX\tex/latex\am
sfonts\umsa.fd
File: umsa.fd 2013/01/14 v3.01 AMS symbols A
)
LaTeX Font Info:    Try loading font information for U+msb on input line 11.

(C:\ProgramData\App-V\3ABFA98E-0A44-4BE5-80EC-EBCD1785C60E\A8978C77-5642-4887-8FCA-48BE31D1EAE1\root\MiKTeX\tex/latex\am
sfonts\umsb.fd
File: umsb.fd 2013/01/14 v3.01 AMS symbols B
)

LaTeX Warning: No \author given.

[1

{N:/data/MiKTeX/data/pdftex/config/pdftex.map}] [2]
("R:\Projecten\V092112 Trichinella\AAA - model\Model\Swine infection\negbin\negbin.aux") ) 
Here is how much of TeX's memory you used:
 2015 strings out of 493921
 28295 string characters out of 3115662
 78885 words of memory out of 3000000
 5316 multiletter control sequences out of 15000+200000
 10283 words of font info for 41 fonts, out of 3000000 for 9000
 841 hyphenation exceptions out of 8191
 27i,8n,24p,223b,197s stack positions out of 5000i,500n,10000p,200000b,50000s
<C:/ProgramData/App-V/3ABFA98E
-0A44-4BE5-80EC-EBCD1785C60E/A8978C77-5642-4887-8FCA-48BE31D1EAE1/root/MiKTeX/fonts/type1/public/amsfonts/cm/cmex10.pfb>
<C:/ProgramData/App-V/3ABFA98E-0A44-4BE5-80EC-EBCD1785C60E/A8978C77-5642-4887-8FCA-48BE31D1EAE1/root/MiKTeX/fonts/type1/
public/amsfonts/cm/cmmi10.pfb><C:/ProgramData/App-V/3ABFA98E-0A44-4BE5-80EC-EBCD1785C60E/A8978C77-5642-4887-8FCA-48BE31D
1EAE1/root/MiKTeX/fonts/type1/public/amsfonts/cm/cmmi5.pfb><C:/ProgramData/App-V/3ABFA98E-0A44-4BE5-80EC-EBCD1785C60E/A8
978C77-5642-4887-8FCA-48BE31D1EAE1/root/MiKTeX/fonts/type1/public/amsfonts/cm/cmmi7.pfb><C:/ProgramData/App-V/3ABFA98E-0
A44-4BE5-80EC-EBCD1785C60E/A8978C77-5642-4887-8FCA-48BE31D1EAE1/root/MiKTeX/fonts/type1/public/amsfonts/cm/cmr10.pfb><C:
/ProgramData/App-V/3ABFA98E-0A44-4BE5-80EC-EBCD1785C60E/A8978C77-5642-4887-8FCA-48BE31D1EAE1/root/MiKTeX/fonts/type1/pub
lic/amsfonts/cm/cmr12.pfb><C:/ProgramData/App-V/3ABFA98E-0A44-4BE5-80EC-EBCD1785C60E/A8978C77-5642-4887-8FCA-48BE31D1EAE
1/root/MiKTeX/fonts/type1/public/amsfonts/cm/cmr17.pfb><C:/ProgramData/App-V/3ABFA98E-0A44-4BE5-80EC-EBCD1785C60E/A8978C
77-5642-4887-8FCA-48BE31D1EAE1/root/MiKTeX/fonts/type1/public/amsfonts/cm/cmr5.pfb><C:/ProgramData/App-V/3ABFA98E-0A44-4
BE5-80EC-EBCD1785C60E/A8978C77-5642-4887-8FCA-48BE31D1EAE1/root/MiKTeX/fonts/type1/public/amsfonts/cm/cmr7.pfb><C:/Progr
amData/App-V/3ABFA98E-0A44-4BE5-80EC-EBCD1785C60E/A8978C77-5642-4887-8FCA-48BE31D1EAE1/root/MiKTeX/fonts/type1/public/am
sfonts/cm/cmsy10.pfb><C:/ProgramData/App-V/3ABFA98E-0A44-4BE5-80EC-EBCD1785C60E/A8978C77-5642-4887-8FCA-48BE31D1EAE1/roo
t/MiKTeX/fonts/type1/public/amsfonts/cm/cmsy7.pfb>
Output written on negbin.pdf (2 pages, 116357 bytes).
PDF statistics:
 53 PDF objects out of 1000 (max. 8388607)
 0 named destinations out of 1000 (max. 500000)
 1 words of extra memory for PDF output out of 10000 (max. 10000000)

